#
#
#
#
#
#    Don't try viewing this report without a plog-converter utility!!!
#
#    plog-converter -a GA:1,2 -t tasklist -o report.tasks /path/to/this/file.log
#
#    A link to the documentation: https://pvs-studio.com/en/docs/manual/0036/
#
#
#
#
#
d99cf3ba-6fcd-43f9-9260-1179fa3a9bed
dR'8_uR%Rr[G[RER'haa@->uR%Rcccc->oVbKoc8hocmcv ka->o ;.,F?g,Ec PoEcUaj=^nRER']uR%VJXER U2=u$2UaPR% U2=uER2uvu2R%xERPu==UjuR%R,Luc>h22ck8->ouac-=ckU==u_c->o8cNv ka->o Nc h>'o-8>}c1>=ku'ocoLuc -a=ocUajhPu>o}RERk8=-o-8>=R%!dR -2uR%R(a88o(g=ua2U>_(=Lu22{8_u68_h2u(@-9(2-9'}'RER2->u=R%!J[["B"ER=U=o1_R%R{<C,w<M\*Gw{RB
dR'8_uR%Rr[GVRER'haa@->uR%Rccccka->o ;)RaU/%cY/))>)REc=>Uk}aU/^nRER']uR%VJXER U2=u$2UaPR% U2=uER2uvu2R%*ERPu==UjuR%R1>'8aau'oc 8aPUo}c{8>=-_uac'Lu's->jcoLuc=u'8>_cU'ohU2cUajhPu>oc8 coLucNka->o Nc h>'o-8>}c,Luc->oujuacUajhPu>oc8 c*Jw9-oc=-:uc-=cu/ku'ou_}RER>u/o@->uR%Rccccka->o ;)Ra9/%cY/))>)REc=>Uk}a9/^nRERk8=-o-8>=R%!dR -2uR%R(a88o(g=ua2U>_(=Lu22{8_u68_h2u(@-9(2-9'}'RER2->u=R%!bSx"B"ERkauv@->uR%Rcccckho=;)RCuj-=ouac=>Uk=L8o%))>)R^nRER=U=o1_R%R{<C,wT1?bGw{RB
dR'8_uR%Rr[GVRER'haa@->uR%Rccccka->o ;)Ra9/%cY/))>)REc=>Uk}a9/^nRER']uR%VJXER U2=u$2UaPR% U2=uER2uvu2R%*ERPu==UjuR%R1>'8aau'oc 8aPUo}c{8>=-_uac'Lu's->jcoLuc=u'8>_cU'ohU2cUajhPu>oc8 coLucNka->o Nc h>'o-8>}c,Luc->oujuacUajhPu>oc8 c*Jw9-oc=-:uc-=cu/ku'ou_}RER>u/o@->uR%Rccccka->o ;)Ra'/%cY/))>)REc=>Uk}a'/^nRERk8=-o-8>=R%!dR -2uR%R(a88o(g=ua2U>_(=Lu22{8_u68_h2u(@-9(2-9'}'RER2->u=R%!bSJ"B"ERkauv@->uR%Rccccka->o ;)RaU/%cY/))>)REc=>Uk}aU/^nRER=U=o1_R%R{<C,wT1?bGw{RB
dR'8_uR%Rr[GVRER'haa@->uR%Rccccka->o ;)Ra'/%cY/))>)REc=>Uk}a'/^nRER']uR%VJXER U2=u$2UaPR% U2=uER2uvu2R%*ERPu==UjuR%R1>'8aau'oc 8aPUo}c{8>=-_uac'Lu's->jcoLuc=u'8>_cU'ohU2cUajhPu>oc8 coLucNka->o Nc h>'o-8>}c,Luc->oujuacUajhPu>oc8 c*Jw9-oc=-:uc-=cu/ku'ou_}RER>u/o@->uR%Rccccka->o ;)Ra_/%cY/))>)REc=>Uk}a_/^nRERk8=-o-8>=R%!dR -2uR%R(a88o(g=ua2U>_(=Lu22{8_u68_h2u(@-9(2-9'}'RER2->u=R%!bS*"B"ERkauv@->uR%Rccccka->o ;)Ra9/%cY/))>)REc=>Uk}a9/^nRER=U=o1_R%R{<C,wT1?bGw{RB
dR'8_uR%Rr[GVRER'haa@->uR%Rccccka->o ;)Ra_/%cY/))>)REc=>Uk}a_/^nRER']uR%VJXER U2=u$2UaPR% U2=uER2uvu2R%*ERPu==UjuR%R1>'8aau'oc 8aPUo}c{8>=-_uac'Lu's->jcoLuc=u'8>_cU'ohU2cUajhPu>oc8 coLucNka->o Nc h>'o-8>}c,Luc->oujuacUajhPu>oc8 c*Jw9-oc=-:uc-=cu/ku'ou_}RER>u/o@->uR%Rccccka->o ;)Ra=-%cY/))>)REc=>Uk}a=-^nRERk8=-o-8>=R%!dR -2uR%R(a88o(g=ua2U>_(=Lu22{8_u68_h2u(@-9(2-9'}'RER2->u=R%!bSb"B"ERkauv@->uR%Rccccka->o ;)Ra'/%cY/))>)REc=>Uk}a'/^nRER=U=o1_R%R{<C,wT1?bGw{RB
dR'8_uR%Rr[GVRER'haa@->uR%Rccccka->o ;)Ra=-%cY/))>)REc=>Uk}a=-^nRER']uR%VJXER U2=u$2UaPR% U2=uER2uvu2R%*ERPu==UjuR%R1>'8aau'oc 8aPUo}c{8>=-_uac'Lu's->jcoLuc=u'8>_cU'ohU2cUajhPu>oc8 coLucNka->o Nc h>'o-8>}c,Luc->oujuacUajhPu>oc8 c*Jw9-oc=-:uc-=cu/ku'ou_}RER>u/o@->uR%Rccccka->o ;)Ra_-%cY/))>)REc=>Uk}a_-^nRERk8=-o-8>=R%!dR -2uR%R(a88o(g=ua2U>_(=Lu22{8_u68_h2u(@-9(2-9'}'RER2->u=R%!bS["B"ERkauv@->uR%Rccccka->o ;)Ra_/%cY/))>)REc=>Uk}a_/^nRER=U=o1_R%R{<C,wT1?bGw{RB
dR'8_uR%Rr[GVRER'haa@->uR%Rccccka->o ;)Ra_-%cY/))>)REc=>Uk}a_-^nRER']uR%VJXER U2=u$2UaPR% U2=uER2uvu2R%*ERPu==UjuR%R1>'8aau'oc 8aPUo}c{8>=-_uac'Lu's->jcoLuc=u'8>_cU'ohU2cUajhPu>oc8 coLucNka->o Nc h>'o-8>}c,Luc->oujuacUajhPu>oc8 c*Jw9-oc=-:uc-=cu/ku'ou_}RER>u/o@->uR%Rccccka->o ;)Ra9k%cY/))>)REc=>Uk}a9k^nRERk8=-o-8>=R%!dR -2uR%R(a88o(g=ua2U>_(=Lu22{8_u68_h2u(@-9(2-9'}'RER2->u=R%!bSV"B"ERkauv@->uR%Rccccka->o ;)Ra=-%cY/))>)REc=>Uk}a=-^nRER=U=o1_R%R{<C,wT1?bGw{RB
dR'8_uR%Rr[GVRER'haa@->uR%Rccccka->o ;)Ra9k%cY/))>)REc=>Uk}a9k^nRER']uR%VJXER U2=u$2UaPR% U2=uER2uvu2R%*ERPu==UjuR%R1>'8aau'oc 8aPUo}c{8>=-_uac'Lu's->jcoLuc=u'8>_cU'ohU2cUajhPu>oc8 coLucNka->o Nc h>'o-8>}c,Luc->oujuacUajhPu>oc8 c*Jw9-oc=-:uc-=cu/ku'ou_}RER>u/o@->uR%Rccccka->o ;)Ra=k%cY/))>)REc=>Uk}a=k^nRERk8=-o-8>=R%!dR -2uR%R(a88o(g=ua2U>_(=Lu22{8_u68_h2u(@-9(2-9'}'RER2->u=R%!bSG"B"ERkauv@->uR%Rccccka->o ;)Ra_-%cY/))>)REc=>Uk}a_-^nRER=U=o1_R%R{<C,wT1?bGw{RB
dR'8_uR%Rr[GVRER'haa@->uR%Rccccka->o ;)Ra=k%cY/))>)REc=>Uk}a=k^nRER']uR%VJXER U2=u$2UaPR% U2=uER2uvu2R%*ERPu==UjuR%R1>'8aau'oc 8aPUo}c{8>=-_uac'Lu's->jcoLuc=u'8>_cU'ohU2cUajhPu>oc8 coLucNka->o Nc h>'o-8>}c,Luc->oujuacUajhPu>oc8 c*Jw9-oc=-:uc-=cu/ku'ou_}RER>u/o@->uR%Rccccka->o ;)RaX%ccY/))>)REc=>Uk}aXc^nRERk8=-o-8>=R%!dR -2uR%R(a88o(g=ua2U>_(=Lu22{8_u68_h2u(@-9(2-9'}'RER2->u=R%!bSX"B"ERkauv@->uR%Rccccka->o ;)Ra9k%cY/))>)REc=>Uk}a9k^nRER=U=o1_R%R{<C,wT1?bGw{RB
dR'8_uR%Rr[GVRER'haa@->uR%Rccccka->o ;)RaX%ccY/))>)REc=>Uk}aXc^nRER']uR%VJXER U2=u$2UaPR% U2=uER2uvu2R%*ERPu==UjuR%R1>'8aau'oc 8aPUo}c{8>=-_uac'Lu's->jcoLuc=u'8>_cU'ohU2cUajhPu>oc8 coLucNka->o Nc h>'o-8>}c,Luc->oujuacUajhPu>oc8 c*Jw9-oc=-:uc-=cu/ku'ou_}RER>u/o@->uR%Rccccka->o ;)Rai%ccY/))>)REc=>Uk}aic^nRERk8=-o-8>=R%!dR -2uR%R(a88o(g=ua2U>_(=Lu22{8_u68_h2u(@-9(2-9'}'RER2->u=R%!bSi"B"ERkauv@->uR%Rccccka->o ;)Ra=k%cY/))>)REc=>Uk}a=k^nRER=U=o1_R%R{<C,wT1?bGw{RB
dR'8_uR%Rr[GVRER'haa@->uR%Rccccka->o ;)Rai%ccY/))>)REc=>Uk}aic^nRER']uR%VJXER U2=u$2UaPR% U2=uER2uvu2R%*ERPu==UjuR%R1>'8aau'oc 8aPUo}c{8>=-_uac'Lu's->jcoLuc=u'8>_cU'ohU2cUajhPu>oc8 coLucNka->o Nc h>'o-8>}c,Luc->oujuacUajhPu>oc8 c*Jw9-oc=-:uc-=cu/ku'ou_}RER>u/o@->uR%Rccccka->o ;)RaxS%cY/))>)REc=>Uk}axS^nRERk8=-o-8>=R%!dR -2uR%R(a88o(g=ua2U>_(=Lu22{8_u68_h2u(@-9(2-9'}'RER2->u=R%!bxS"B"ERkauv@->uR%Rccccka->o ;)RaX%ccY/))>)REc=>Uk}aXc^nRER=U=o1_R%R{<C,wT1?bGw{RB
dR'8_uR%Rr[GVRER'haa@->uR%Rccccka->o ;)RaxS%cY/))>)REc=>Uk}axS^nRER']uR%VJXER U2=u$2UaPR% U2=uER2uvu2R%*ERPu==UjuR%R1>'8aau'oc 8aPUo}c{8>=-_uac'Lu's->jcoLuc=u'8>_cU'ohU2cUajhPu>oc8 coLucNka->o Nc h>'o-8>}c,Luc->oujuacUajhPu>oc8 c*Jw9-oc=-:uc-=cu/ku'ou_}RER>u/o@->uR%Rccccka->o ;)Raxx%cY/))>)REc=>Uk}axx^nRERk8=-o-8>=R%!dR -2uR%R(a88o(g=ua2U>_(=Lu22{8_u68_h2u(@-9(2-9'}'RER2->u=R%!bxx"B"ERkauv@->uR%Rccccka->o ;)Rai%ccY/))>)REc=>Uk}aic^nRER=U=o1_R%R{<C,wT1?bGw{RB
dR'8_uR%Rr[GVRER'haa@->uR%Rccccka->o ;)Raxx%cY/))>)REc=>Uk}axx^nRER']uR%VJXER U2=u$2UaPR% U2=uER2uvu2R%*ERPu==UjuR%R1>'8aau'oc 8aPUo}c{8>=-_uac'Lu's->jcoLuc=u'8>_cU'ohU2cUajhPu>oc8 coLucNka->o Nc h>'o-8>}c,Luc->oujuacUajhPu>oc8 c*Jw9-oc=-:uc-=cu/ku'ou_}RER>u/o@->uR%Rccccka->o ;)RaxJ%cY/))>)REc=>Uk}axJ^nRERk8=-o-8>=R%!dR -2uR%R(a88o(g=ua2U>_(=Lu22{8_u68_h2u(@-9(2-9'}'RER2->u=R%!bxJ"B"ERkauv@->uR%Rccccka->o ;)RaxS%cY/))>)REc=>Uk}axS^nRER=U=o1_R%R{<C,wT1?bGw{RB
dR'8_uR%Rr[GVRER'haa@->uR%Rccccka->o ;)RaxJ%cY/))>)REc=>Uk}axJ^nRER']uR%VJXER U2=u$2UaPR% U2=uER2uvu2R%*ERPu==UjuR%R1>'8aau'oc 8aPUo}c{8>=-_uac'Lu's->jcoLuc=u'8>_cU'ohU2cUajhPu>oc8 coLucNka->o Nc h>'o-8>}c,Luc->oujuacUajhPu>oc8 c*Jw9-oc=-:uc-=cu/ku'ou_}RER>u/o@->uR%Rccccka->o ;)Rax*%cY/))>)REc=>Uk}ax*^nRERk8=-o-8>=R%!dR -2uR%R(a88o(g=ua2U>_(=Lu22{8_u68_h2u(@-9(2-9'}'RER2->u=R%!bx*"B"ERkauv@->uR%Rccccka->o ;)Raxx%cY/))>)REc=>Uk}axx^nRER=U=o1_R%R{<C,wT1?bGw{RB
dR'8_uR%Rr[GVRER'haa@->uR%Rccccka->o ;)Rax*%cY/))>)REc=>Uk}ax*^nRER']uR%VJXER U2=u$2UaPR% U2=uER2uvu2R%*ERPu==UjuR%R1>'8aau'oc 8aPUo}c{8>=-_uac'Lu's->jcoLuc=u'8>_cU'ohU2cUajhPu>oc8 coLucNka->o Nc h>'o-8>}c,Luc->oujuacUajhPu>oc8 c*Jw9-oc=-:uc-=cu/ku'ou_}RER>u/o@->uR%Rccccka->o ;)Raxb%cY/))>)REc=>Uk}axb^nRERk8=-o-8>=R%!dR -2uR%R(a88o(g=ua2U>_(=Lu22{8_u68_h2u(@-9(2-9'}'RER2->u=R%!bxb"B"ERkauv@->uR%Rccccka->o ;)RaxJ%cY/))>)REc=>Uk}axJ^nRER=U=o1_R%R{<C,wT1?bGw{RB
dR'8_uR%Rr[GVRER'haa@->uR%Rccccka->o ;)Raxb%cY/))>)REc=>Uk}axb^nRER']uR%VJXER U2=u$2UaPR% U2=uER2uvu2R%*ERPu==UjuR%R1>'8aau'oc 8aPUo}c{8>=-_uac'Lu's->jcoLuc=u'8>_cU'ohU2cUajhPu>oc8 coLucNka->o Nc h>'o-8>}c,Luc->oujuacUajhPu>oc8 c*Jw9-oc=-:uc-=cu/ku'ou_}RER>u/o@->uR%Rccccka->o ;)Rax[%cY/))>)REc=>Uk}ax[^nRERk8=-o-8>=R%!dR -2uR%R(a88o(g=ua2U>_(=Lu22{8_u68_h2u(@-9(2-9'}'RER2->u=R%!bx["B"ERkauv@->uR%Rccccka->o ;)Rax*%cY/))>)REc=>Uk}ax*^nRER=U=o1_R%R{<C,wT1?bGw{RB
dR'8_uR%Rr[GVRER'haa@->uR%Rccccka->o ;)Rax[%cY/))>)REc=>Uk}ax[^nRER']uR%VJXER U2=u$2UaPR% U2=uER2uvu2R%*ERPu==UjuR%R1>'8aau'oc 8aPUo}c{8>=-_uac'Lu's->jcoLuc=u'8>_cU'ohU2cUajhPu>oc8 coLucNka->o Nc h>'o-8>}c,Luc->oujuacUajhPu>oc8 c*Jw9-oc=-:uc-=cu/ku'ou_}RER>u/o@->uR%Rccccka->o ;)Ra1\%cY/))>)REc=>Uk}a-k^nRERk8=-o-8>=R%!dR -2uR%R(a88o(g=ua2U>_(=Lu22{8_u68_h2u(@-9(2-9'}'RER2->u=R%!bxV"B"ERkauv@->uR%Rccccka->o ;)Raxb%cY/))>)REc=>Uk}axb^nRER=U=o1_R%R{<C,wT1?bGw{RB
dR'8_uR%Rr[GVRER'haa@->uR%Rccccka->o ;)Ra1\%cY/))>)REc=>Uk}a-k^nRER']uR%VJXER U2=u$2UaPR% U2=uER2uvu2R%*ERPu==UjuR%R1>'8aau'oc 8aPUo}c{8>=-_uac'Lu's->jcoLuc=u'8>_cU'ohU2cUajhPu>oc8 coLucNka->o Nc h>'o-8>}c,Luc->oujuacUajhPu>oc8 c*Jw9-oc=-:uc-=cu/ku'ou_}RER>u/o@->uR%RBRERk8=-o-8>=R%!dR -2uR%R(a88o(g=ua2U>_(=Lu22{8_u68_h2u(@-9(2-9'}'RER2->u=R%!bxG"B"ERkauv@->uR%Rccccka->o ;)Rax[%cY/))>)REc=>Uk}ax[^nRER=U=o1_R%R{<C,wT1?bGw{RB
dR'8_uR%Rr[GVRER'haa@->uR%Rccccka->o ;)RY_%Y_%Y_c!L8ha(P->(=u'"c;$aju>o->U^))>)REcLEco-Pu}P->hou=Eco-Pu}=u'8>_=^ncc((c2UcL8aUcu=cw*ckUaUc~hucu=oucu>co-uPk8cUaju>o->8}RER']uR%VJXER U2=u$2UaPR% U2=uER2uvu2R%*ERPu==UjuR%R1>'8aau'oc 8aPUo}c{8>=-_uac'Lu's->jcoLuc=u'8>_cU'ohU2cUajhPu>oc8 coLucNka->o Nc h>'o-8>}c,LucUajhPu>oc-=cu/ku'ou_co8c9uc>8ocjauUouacoLU>c*Jw9-o}RER>u/o@->uR%Rccccauoha>nRERk8=-o-8>=R%!dR -2uR%R(a88o(g=ua2U>_(=Lu22{8_u68_h2u(6U->(=Lu22}'RER2->u=R%!xJG"B"ERkauv@->uR%Rcccc->oVbKocLcmco-Pu}L8hanRER=U=o1_R%R{<C,wT1?bGw{RB
dR'8_uR%Rr[xiRER'haa@->uR%Rcccccccc9h  uaK=-:ucmc=f=KauU_;SEc9h  uaEcx^nRER']uR%[V*ER U2=u$2UaPR% U2=uER2uvu2R%JERPu==UjuR%R,LucN9h  uaK=-:uNcvUa-U92uc-=cU==-j>u_cvU2hu=co]-'uc=h''u==-vu2f}c\uaLUk=coL-=c-=cUcP-=oUsu}c{Lu'sc2->u=%cXJEcX*}RERk8=-o-8>=R%!dR -2uR%R(a88o(g=ua2U>_(=Lu22{8_u68_h2u(68_h2u=(u2-P->Uo8a}'RER2->u=R%!X*EXJ"B"ERkauv@->uR%Rcccccccc9h  uaK=-:ucmcSnRER=U=o1_R%R{<C,w6.{x*w{RB
dR'8_uR%Rr[xiRER'haa@->uR%Rcccccccc9h  uaK=-:ucmc=f=KauU_;SEc9h  uaEcx^nRER']uR%[V*ER U2=u$2UaPR% U2=uER2uvu2R%JERPu==UjuR%R,LucN9h  uaK=-:uNcvUa-U92uc-=cU==-j>u_cvU2hu=co]-'uc=h''u==-vu2f}c\uaLUk=coL-=c-=cUcP-=oUsu}c{Lu'sc2->u=%cx[GEcx[X}RERk8=-o-8>=R%!dR -2uR%R(a88o(g=ua2U>_(=Lu22{8_u68_h2u(68_h2u=(u2-P->Uo8a}'RER2->u=R%!x[XEx[G"B"ERkauv@->uR%Rcccccccc9h  uaK=-:ucmcSnRER=U=o1_R%R{<C,w6.{x*w{RB
dR'8_uR%Rr[VSRER'haa@->uR%Rcccc- ;/cycScppcfcycScppc/c3mc6$\K41F,Icppcfc3c6$\KI<1HI,^dRER']uR%[GSER U2=u$2UaPR% U2=uER2uvu2R%*ERPu==UjuR%R$ckUaoc8 c'8>_-o-8>U2cu/kau==-8>c-=cU2]Uf=c U2=u%c/cycS}cg>=-j>u_cofkucvU2huc-=c>uvuacycS}RER>u/o@->uR%Rccccccccauoha>nRERk8=-o-8>=R%!dR -2uR%R(a88o(g=ua2U>_(=Lu22{8_u68_h2u(68_h2u=(u2-P->Uo8a}'RER2->u=R%!*SS"B"ERkauv@->uR%R=oUo-'cv8-_c -22Kk8=-o-8>;h->oVbKoc/Ech->oVbKocfEc{828ac'828a^dRB
dR'8_uR%Rr[VSRER'haa@->uR%Rcccc- ;/cycScppcfcycScppc/c3mc6$\K41F,Icppcfc3c6$\KI<1HI,^dRER']uR%[GSER U2=u$2UaPR% U2=uER2uvu2R%*ERPu==UjuR%R$ckUaoc8 c'8>_-o-8>U2cu/kau==-8>c-=cU2]Uf=c U2=u%cfcycS}cg>=-j>u_cofkucvU2huc-=c>uvuacycS}RER>u/o@->uR%Rccccccccauoha>nRERk8=-o-8>=R%!dR -2uR%R(a88o(g=ua2U>_(=Lu22{8_u68_h2u(68_h2u=(u2-P->Uo8a}'RER2->u=R%!*SS"B"ERkauv@->uR%R=oUo-'cv8-_c -22Kk8=-o-8>;h->oVbKoc/Ech->oVbKocfEc{828ac'828a^dRB
dR'8_uR%Rr[[GRER'haa@->uR%RccccPUk!f"!/"cmcxnRER']uR%xxiER U2=u$2UaPR% U2=uER2uvu2R%JERPu==UjuR%R$aaUfc8vuaah>c-=ck8==-92u}c,LucvU2huc8 cNfNc->_u/c'8h2_cauU'LciV}RER>u/o@->uR%Rccccauoha>nRERk8=-o-8>=R%!dR -2uR%R(a88o(g=ua2U>_(=Lu22{8_u68_h2u(68_h2u=(u2-P->Uo8a}'RER2->u=R%!*Sb"B"ERkauv@->uR%Rcccc_aU]Kau'oU>j2u;/+\1M<@Ecf+\1M<@Ec\1M<@Ec\1M<@Ec'828a^nRER=U=o1_R%R{<C,w$CC*Sw{RB
